c:\users\avpu\onedrive - veralto\desktop\globaltimezoneapp\globaltimezoneapp\x64\debug\vc143.pdb
c:\users\avpu\onedrive - veralto\desktop\globaltimezoneapp\globaltimezoneapp\x64\debug\vc143.idb
c:\users\avpu\onedrive - veralto\desktop\globaltimezoneapp\globaltimezoneapp\x64\debug\timezoneapp.obj
c:\users\avpu\onedrive - veralto\desktop\globaltimezoneapp\globaltimezoneapp\x64\debug\timezoneapiclient.obj
c:\users\avpu\onedrive - veralto\desktop\globaltimezoneapp\globaltimezoneapp\x64\debug\main.obj
c:\users\avpu\onedrive - veralto\desktop\globaltimezoneapp\x64\debug\globaltimezoneapp.pdb
c:\users\avpu\onedrive - veralto\desktop\globaltimezoneapp\globaltimezoneapp\x64\debug\globalti.7c6d156a.tlog\cl.command.1.tlog
c:\users\avpu\onedrive - veralto\desktop\globaltimezoneapp\globaltimezoneapp\x64\debug\globalti.7c6d156a.tlog\cl.read.1.tlog
c:\users\avpu\onedrive - veralto\desktop\globaltimezoneapp\globaltimezoneapp\x64\debug\globalti.7c6d156a.tlog\cl.write.1.tlog
c:\users\avpu\onedrive - veralto\desktop\globaltimezoneapp\globaltimezoneapp\x64\debug\globalti.7c6d156a.tlog\link-cvtres.read.1.tlog
c:\users\avpu\onedrive - veralto\desktop\globaltimezoneapp\globaltimezoneapp\x64\debug\globalti.7c6d156a.tlog\link-cvtres.write.1.tlog
c:\users\avpu\onedrive - veralto\desktop\globaltimezoneapp\globaltimezoneapp\x64\debug\globalti.7c6d156a.tlog\link-rc.read.1.tlog
c:\users\avpu\onedrive - veralto\desktop\globaltimezoneapp\globaltimezoneapp\x64\debug\globalti.7c6d156a.tlog\link-rc.write.1.tlog
c:\users\avpu\onedrive - veralto\desktop\globaltimezoneapp\globaltimezoneapp\x64\debug\globalti.7c6d156a.tlog\link.command.1.tlog
c:\users\avpu\onedrive - veralto\desktop\globaltimezoneapp\globaltimezoneapp\x64\debug\globalti.7c6d156a.tlog\link.read.1.tlog
c:\users\avpu\onedrive - veralto\desktop\globaltimezoneapp\globaltimezoneapp\x64\debug\globalti.7c6d156a.tlog\link.read.2.tlog
c:\users\avpu\onedrive - veralto\desktop\globaltimezoneapp\globaltimezoneapp\x64\debug\globalti.7c6d156a.tlog\link.read.3.tlog
c:\users\avpu\onedrive - veralto\desktop\globaltimezoneapp\globaltimezoneapp\x64\debug\globalti.7c6d156a.tlog\link.read.4.tlog
c:\users\avpu\onedrive - veralto\desktop\globaltimezoneapp\globaltimezoneapp\x64\debug\globalti.7c6d156a.tlog\link.read.5.tlog
c:\users\avpu\onedrive - veralto\desktop\globaltimezoneapp\globaltimezoneapp\x64\debug\globalti.7c6d156a.tlog\link.write.1.tlog
